Build started 17/07/2015 15:51:43.
     1>Project "C:\Users\tfc2\Downloads\Projeto2\Projeto Base PG - OpenGL.vcxproj" on node 2 (Build target(s)).
     1>C:\Program Files (x86)\MSBuild\Microsoft.Cpp\v4.0\V120\Microsoft.CppBuild.targets(356,5): warning MSB8004: Intermediate Directory does not end with a trailing slash.  This build instance will add the slash as it is required to allow proper evaluation of the Intermediate Directory.
     1>C:\Program Files (x86)\MSBuild\Microsoft.Cpp\v4.0\V120\Microsoft.CppBuild.targets(357,5): warning MSB8004: Output Directory does not end with a trailing slash.  This build instance will add the slash as it is required to allow proper evaluation of the Output Directory.
     1>ClCompile:
         C:\Program Files (x86)\Microsoft Visual Studio 12.0\VC\bin\CL.exe /c /IC:\Users\tfc2\Downloads\Projeto2\Dependencies\OpenGL\Include\ /IC:\Users\tfc2\Downloads\Projeto2\Dependencies\OpenCV\include /Zi /nologo /W3 /WX- /O2 /Oi /Oy- /GL /D _MBCS /Gm- /EHsc /MD /GS /Gy /fp:precise /Zc:wchar_t /Zc:forScope /Fo"C:\Users\tfc2\Downloads\Projeto2\Intermediary\Release\\" /Fd"C:\Users\tfc2\Downloads\Projeto2\Intermediary\Release\vc120.pdb" /Gd /TP /analyze- /errorReport:prompt Code\Main.cpp
         Main.cpp
     1>Code\Main.cpp(192): warning C4172: returning address of local variable or temporary
     1>Code\Main.cpp(224): warning C4996: 'sscanf': This function or variable may be unsafe. Consider using sscanf_s instead. To disable deprecation, use _CRT_SECURE_NO_WARNINGS. See online help for details.
                 C:\Program Files (x86)\Microsoft Visual Studio 12.0\VC\include\stdio.h(304) : see declaration of 'sscanf'
     1>Code\Main.cpp(239): warning C4996: 'sscanf': This function or variable may be unsafe. Consider using sscanf_s instead. To disable deprecation, use _CRT_SECURE_NO_WARNINGS. See online help for details.
                 C:\Program Files (x86)\Microsoft Visual Studio 12.0\VC\include\stdio.h(304) : see declaration of 'sscanf'
     1>Code\Main.cpp(519): warning C4018: '<' : signed/unsigned mismatch
       Link:
         C:\Program Files (x86)\Microsoft Visual Studio 12.0\VC\bin\link.exe /ERRORREPORT:PROMPT /OUT:"C:\Users\tfc2\Downloads\Projeto2\Output\Release\Projeto 2  - Resp.exe" /NOLOGO /LIBPATH:C:\Users\tfc2\Downloads\Projeto2\Dependencies\OpenCV\x86\vc12\lib /LIBPATH:C:\Users\tfc2\Downloads\Projeto2\Dependencies\OpenGL\Lib\ opencv_calib3d2410.lib opencv_contrib2410.lib opencv_core2410.lib opencv_features2d2410.lib opencv_flann2410.lib opencv_gpu2410.lib opencv_highgui2410.lib opencv_imgproc2410.lib opencv_legacy2410.lib opencv_ml2410.lib opencv_nonfree2410.lib opencv_objdetect2410.lib opencv_ocl2410.lib opencv_photo2410.lib opencv_stitching2410.lib opencv_superres2410.lib opencv_ts2410.lib opencv_video2410.lib opencv_videostab2410.lib kernel32.lib user32.lib gdi32.lib winspool.lib comdlg32.lib advapi32.lib shell32.lib ole32.lib oleaut32.lib uuid.lib odbc32.lib odbccp32.lib /MANIFEST /MANIFESTUAC:"level='asInvoker' uiAccess='false'" /manifest:embed /DEBUG /PDB:"C:\Users\tfc2\Downloads\Projeto2\Output\Release\Projeto 2  - Resp.pdb" /OPT:REF /OPT:ICF /LTCG /TLBID:1 /DYNAMICBASE /NXCOMPAT /IMPLIB:"C:\Users\tfc2\Downloads\Projeto2\Output\Release\Projeto 2  - Resp.lib" /MACHINE:X86 /SAFESEH C:\Users\tfc2\Downloads\Projeto2\Intermediary\Release\Defs.obj
         C:\Users\tfc2\Downloads\Projeto2\Intermediary\Release\Main.obj
         C:\Users\tfc2\Downloads\Projeto2\Intermediary\Release\Point.obj
         C:\Users\tfc2\Downloads\Projeto2\Intermediary\Release\util.obj
         Generating code
         Finished generating code
         Projeto Base PG - OpenGL.vcxproj -> C:\Users\tfc2\Downloads\Projeto2\Output\Release\Projeto 2  - Resp.exe
     1>Done Building Project "C:\Users\tfc2\Downloads\Projeto2\Projeto Base PG - OpenGL.vcxproj" (Build target(s)).

Build succeeded.

Time Elapsed 00:00:02.25
